Build started 11/10/2022 3:36:49 PM.
     1>Project "F:\Nafise\git\OmniHaptic\MultiDof\CommandJointTorque_VS2010.vcxproj" on node 2 (Build target(s)).
     1>ClCompile:
         D:\Program Files (x86)\Microsoft Visual Studio 12.0\VC\bin\CL.exe /c /I"F:\Nafise\eigen-3.4.0\eigen-3.4.0" /IC:\OpenHaptics\Academic\3.1\include /IC:\OpenHaptics\Academic\3.1\utilities\include /ZI /nologo /W3 /WX- /Od /Oy- /D WIN32 /D _DEBUG /D _CONSOLE /D _UNICODE /D UNICODE /Gm /EHsc /RTC1 /MDd /GS /fp:precise /Zc:wchar_t /Zc:forScope /Fo"Win32\DebugAcademicEdition\\" /Fd"Win32\DebugAcademicEdition\vc120.pdb" /Gd /TP /analyze- /errorReport:prompt CommandJointTorque.cpp
         CommandJointTorque.cpp
     1>f:\nafise\git\omnihaptic\multidof\commandjointtorque.cpp(783): warning C4996: 'getch': The POSIX name for this item is deprecated. Instead, use the ISO C++ conformant name: _getch. See online help for details.
                 d:\program files (x86)\microsoft visual studio 12.0\vc\include\conio.h(131) : see declaration of 'getch'
     1>f:\nafise\git\omnihaptic\multidof\commandjointtorque.cpp(794): warning C4996: 'getch': The POSIX name for this item is deprecated. Instead, use the ISO C++ conformant name: _getch. See online help for details.
                 d:\program files (x86)\microsoft visual studio 12.0\vc\include\conio.h(131) : see declaration of 'getch'
     1>f:\nafise\git\omnihaptic\multidof\commandjointtorque.cpp(879): warning C4996: 'getch': The POSIX name for this item is deprecated. Instead, use the ISO C++ conformant name: _getch. See online help for details.
                 d:\program files (x86)\microsoft visual studio 12.0\vc\include\conio.h(131) : see declaration of 'getch'
     1>f:\nafise\git\omnihaptic\multidof\commandjointtorque.cpp(899): warning C4996: 'getch': The POSIX name for this item is deprecated. Instead, use the ISO C++ conformant name: _getch. See online help for details.
                 d:\program files (x86)\microsoft visual studio 12.0\vc\include\conio.h(131) : see declaration of 'getch'
     1>f:\nafise\git\omnihaptic\multidof\commandjointtorque.cpp(984): warning C4101: 'p' : unreferenced local variable
     1>f:\nafise\git\omnihaptic\multidof\commandjointtorque.cpp(967): warning C4101: 'ePassive' : unreferenced local variable
     1>f:\nafise\git\omnihaptic\multidof\commandjointtorque.cpp(985): warning C4101: 'z' : unreferenced local variable
     1>f:\nafise\git\omnihaptic\multidof\commandjointtorque.cpp(983): warning C4101: 'l' : unreferenced local variable
     1>f:\nafise\git\omnihaptic\multidof\commandjointtorque.cpp(1653): warning C4996: 'getch': The POSIX name for this item is deprecated. Instead, use the ISO C++ conformant name: _getch. See online help for details.
                 d:\program files (x86)\microsoft visual studio 12.0\vc\include\conio.h(131) : see declaration of 'getch'
     1>f:\nafise\git\omnihaptic\multidof\commandjointtorque.cpp(1662): warning C4996: 'getch': The POSIX name for this item is deprecated. Instead, use the ISO C++ conformant name: _getch. See online help for details.
                 d:\program files (x86)\microsoft visual studio 12.0\vc\include\conio.h(131) : see declaration of 'getch'
     1>f:\nafise\git\omnihaptic\multidof\commandjointtorque.cpp(1676): warning C4715: 'initDemo' : not all control paths return a value
     1>f:\nafise\git\omnihaptic\multidof\commandjointtorque.cpp(1551): warning C4700: uninitialized local variable 'khat' used
       Link:
         D:\Program Files (x86)\Microsoft Visual Studio 12.0\VC\bin\link.exe /ERRORREPORT:PROMPT /OUT:"Win32\DebugAcademicEdition\CommandJointTorque.exe" /INCREMENTAL /NOLOGO /LIBPATH:C:\OpenHaptics\Academic\3.1\lib\Win32\DebugAcademicEdition /LIBPATH:C:\OpenHaptics\Academic\3.1\utilities\lib\Win32\DebugAcademicEdition /LIBPATH:C:\OpenHaptics\Academic\3.1\lib\Win32 hd.lib hdu.lib kernel32.lib user32.lib gdi32.lib winspool.lib comdlg32.lib advapi32.lib shell32.lib ole32.lib oleaut32.lib uuid.lib odbc32.lib odbccp32.lib /MANIFEST /MANIFESTUAC:"level='asInvoker' uiAccess='false'" /manifest:embed /DEBUG /PDB:"Win32\DebugAcademicEdition\CommandJointTorque.pdb" /SUBSYSTEM:CONSOLE /TLBID:1 /DYNAMICBASE /NXCOMPAT /IMPLIB:"Win32\DebugAcademicEdition\CommandJointTorque.lib" /MACHINE:X86 /SAFESEH Win32\DebugAcademicEdition\CommandJointTorque.obj
     1>CommandJointTorque.obj : warning LNK4075: ignoring '/EDITANDCONTINUE' due to '/SAFESEH' specification
         CommandJointTorque_VS2010.vcxproj -> F:\Nafise\git\OmniHaptic\MultiDof\Win32\DebugAcademicEdition\CommandJointTorque.exe
     1>Done Building Project "F:\Nafise\git\OmniHaptic\MultiDof\CommandJointTorque_VS2010.vcxproj" (Build target(s)).

Build succeeded.

Time Elapsed 00:00:02.96
